<?xml version="1.0" encoding="UTF-8"?>
<!-- Generated by org.testng.reporters.JUnitReportReporter -->
<testsuite skipped="0" hostname="NTPC02446" name="Testing.TestClass" tests="3" failures="0" timestamp="2020-07-09T20:48:32 CAT" time="311.842" errors="0">
  <testcase name="Login" time="7.421" classname="Testing.TestClass"/>
  <system-out/>
  <testcase name="AddToCart" time="294.487" classname="Testing.TestClass"/>
  <system-out/>
  <testcase name="PaymentPage" time="9.934" classname="Testing.TestClass"/>
  <system-out/>
</testsuite> <!-- Testing.TestClass -->
